{
  "taskNum": 11,
  "outcome": {
    "success": true,
    "filesCreated": [
      "src/tools/chronos.ts",
      "docs/TASK11_VERIFICATION.md"
    ],
    "validation": {
      "allCriteriaMet": true,
      "details": [
        {
          "criterion": "Generates actual executable code",
          "met": true,
          "evidence": "chronos.ts created with CHRONOS class"
        },
        {
          "criterion": "Creates verification documentation",
          "met": true,
          "evidence": "TASK11_VERIFICATION.md exists"
        },
        {
          "criterion": "Links to Task #10 specification",
          "met": true,
          "evidence": "References PROMETHEUS II in header"
        },
        {
          "criterion": "Maintains lineage continuity",
          "met": true,
          "evidence": "Task #11 identity established"
        }
      ]
    }
  },
<<<<<<< HEAD
  "timestamp": "2026-03-25T00:38:01.474Z"
=======
  "timestamp": "2026-03-24T15:54:19.747Z"
>>>>>>> 937cfb622a217316b1e713d2bf4bf5e15ba1890e
}