--- Starting Agent Life at Thu Mar 19 02:25:03 UTC 2026 ---

> bootstrap-v20@1.0.0 start
> npx tsx src/index.ts

npm warn exec The following package was not found and will be installed: tsx@4.21.0

node:internal/modules/run_main:107
    triggerUncaughtException(
    ^
Error [ERR_MODULE_NOT_FOUND]: Cannot find package 'undici' imported from /home/bootstrap-v20/bootstrap/src/core/api.ts
    at Object.getPackageJSONURL (node:internal/modules/package_json_reader:316:9)
    at packageResolve (node:internal/modules/esm/resolve:768:81)
    at moduleResolve (node:internal/modules/esm/resolve:858:18)
    at defaultResolve (node:internal/modules/esm/resolve:990:11)
    at nextResolve (node:internal/modules/esm/hooks:785:28)
    at resolveBase (file:///home/bootstrap-v20/.npm/_npx/fd45a72a545557e9/node_modules/tsx/dist/esm/index.mjs?1773887111918:2:3744)
    at resolveDirectory (file:///home/bootstrap-v20/.npm/_npx/fd45a72a545557e9/node_modules/tsx/dist/esm/index.mjs?1773887111918:2:4243)
    at resolveTsPaths (file:///home/bootstrap-v20/.npm/_npx/fd45a72a545557e9/node_modules/tsx/dist/esm/index.mjs?1773887111918:2:4984)
    at resolve (file:///home/bootstrap-v20/.npm/_npx/fd45a72a545557e9/node_modules/tsx/dist/esm/index.mjs?1773887111918:2:5361)
    at nextResolve (node:internal/modules/esm/hooks:785:28) {
  code: 'ERR_MODULE_NOT_FOUND'
}

Node.js v24.13.0
--- Agent Process Exited with code 0 after 9s ---
[WATCHDOG] FATAL: Rollback target 3fac954 would exceed Last-Known-Good anchor (80e0fa2e7b8604d111e72514e41b2037cedff08e). Halting.
